[2020-11-06T15:51:29.581+0000][gc,heap] Heap region size: 1M
[2020-11-06T15:51:29.592+0000][gc     ] Using G1
[2020-11-06T15:51:29.592+0000][gc,heap,coops] Heap address: 0x00000007c0000000, size: 1024 MB, Compressed Oops mode: Zero based, Oop shift amount: 3
[2020-11-06T15:51:30.875+0000][gc,start     ] GC(0) Pause Young (Concurrent Start) (Metadata GC Threshold)
[2020-11-06T15:51:30.875+0000][gc,task      ] GC(0) Using 8 workers of 8 for evacuation
[2020-11-06T15:51:30.889+0000][gc,phases    ] GC(0)   Pre Evacuate Collection Set: 0.0ms
[2020-11-06T15:51:30.889+0000][gc,phases    ] GC(0)   Evacuate Collection Set: 12.1ms
[2020-11-06T15:51:30.889+0000][gc,phases    ] GC(0)   Post Evacuate Collection Set: 0.8ms
[2020-11-06T15:51:30.889+0000][gc,phases    ] GC(0)   Other: 0.8ms
[2020-11-06T15:51:30.889+0000][gc,heap      ] GC(0) Eden regions: 41->0(44)
[2020-11-06T15:51:30.889+0000][gc,heap      ] GC(0) Survivor regions: 0->7(7)
[2020-11-06T15:51:30.889+0000][gc,heap      ] GC(0) Old regions: 0->0
[2020-11-06T15:51:30.889+0000][gc,heap      ] GC(0) Humongous regions: 0->0
[2020-11-06T15:51:30.889+0000][gc,metaspace ] GC(0) Metaspace: 20669K->20669K(1069056K)
[2020-11-06T15:51:30.889+0000][gc           ] GC(0) Pause Young (Concurrent Start) (Metadata GC Threshold) 41M->6M(1024M) 13.869ms
[2020-11-06T15:51:30.889+0000][gc,cpu       ] GC(0) User=0.03s Sys=0.01s Real=0.01s
[2020-11-06T15:51:30.889+0000][gc           ] GC(1) Concurrent Cycle
[2020-11-06T15:51:30.889+0000][gc,marking   ] GC(1) Concurrent Clear Claimed Marks
[2020-11-06T15:51:30.889+0000][gc,marking   ] GC(1) Concurrent Clear Claimed Marks 0.039ms
[2020-11-06T15:51:30.889+0000][gc,marking   ] GC(1) Concurrent Scan Root Regions
[2020-11-06T15:51:30.891+0000][gc,marking   ] GC(1) Concurrent Scan Root Regions 2.279ms
[2020-11-06T15:51:30.891+0000][gc,marking   ] GC(1) Concurrent Mark (1.324s)
[2020-11-06T15:51:30.891+0000][gc,marking   ] GC(1) Concurrent Mark From Roots
[2020-11-06T15:51:30.891+0000][gc,task      ] GC(1) Using 2 workers of 2 for marking
[2020-11-06T15:51:30.891+0000][gc,marking   ] GC(1) Concurrent Mark From Roots 0.172ms
[2020-11-06T15:51:30.891+0000][gc,marking   ] GC(1) Concurrent Preclean
[2020-11-06T15:51:30.891+0000][gc,marking   ] GC(1) Concurrent Preclean 0.026ms
[2020-11-06T15:51:30.891+0000][gc,marking   ] GC(1) Concurrent Mark (1.324s, 1.325s) 0.235ms
[2020-11-06T15:51:30.892+0000][gc,start     ] GC(1) Pause Remark
[2020-11-06T15:51:30.894+0000][gc,stringtable] GC(1) Cleaned string and symbol table, strings: 7377 processed, 0 removed, symbols: 63840 processed, 28 removed
[2020-11-06T15:51:30.894+0000][gc            ] GC(1) Pause Remark 6M->6M(1024M) 2.510ms
[2020-11-06T15:51:30.894+0000][gc,cpu        ] GC(1) User=0.01s Sys=0.00s Real=0.00s
[2020-11-06T15:51:30.894+0000][gc,marking    ] GC(1) Concurrent Rebuild Remembered Sets
[2020-11-06T15:51:30.894+0000][gc,marking    ] GC(1) Concurrent Rebuild Remembered Sets 0.075ms
[2020-11-06T15:51:30.894+0000][gc,start      ] GC(1) Pause Cleanup
[2020-11-06T15:51:30.895+0000][gc            ] GC(1) Pause Cleanup 6M->6M(1024M) 0.179ms
[2020-11-06T15:51:30.895+0000][gc,cpu        ] GC(1) User=0.00s Sys=0.00s Real=0.00s
[2020-11-06T15:51:30.895+0000][gc,marking    ] GC(1) Concurrent Cleanup for Next Mark
[2020-11-06T15:51:30.904+0000][gc,marking    ] GC(1) Concurrent Cleanup for Next Mark 9.203ms
[2020-11-06T15:51:30.904+0000][gc            ] GC(1) Concurrent Cycle 15.169ms
[2020-11-06T15:51:32.744+0000][gc,start      ] GC(2) Pause Young (Normal) (G1 Evacuation Pause)
[2020-11-06T15:51:32.744+0000][gc,task       ] GC(2) Using 8 workers of 8 for evacuation
[2020-11-06T15:51:32.754+0000][gc,phases     ] GC(2)   Pre Evacuate Collection Set: 0.1ms
[2020-11-06T15:51:32.754+0000][gc,phases     ] GC(2)   Evacuate Collection Set: 9.8ms
[2020-11-06T15:51:32.754+0000][gc,phases     ] GC(2)   Post Evacuate Collection Set: 0.6ms
[2020-11-06T15:51:32.754+0000][gc,phases     ] GC(2)   Other: 0.2ms
[2020-11-06T15:51:32.754+0000][gc,heap       ] GC(2) Eden regions: 44->0(49)
[2020-11-06T15:51:32.754+0000][gc,heap       ] GC(2) Survivor regions: 7->2(7)
[2020-11-06T15:51:32.754+0000][gc,heap       ] GC(2) Old regions: 0->7
[2020-11-06T15:51:32.754+0000][gc,heap       ] GC(2) Humongous regions: 0->0
[2020-11-06T15:51:32.754+0000][gc,metaspace  ] GC(2) Metaspace: 29305K->29305K(1075200K)
[2020-11-06T15:51:32.754+0000][gc            ] GC(2) Pause Young (Normal) (G1 Evacuation Pause) 50M->8M(1024M) 10.778ms
[2020-11-06T15:51:32.754+0000][gc,cpu        ] GC(2) User=0.03s Sys=0.02s Real=0.01s
[2020-11-06T15:51:33.338+0000][gc,start      ] GC(3) Pause Young (Concurrent Start) (Metadata GC Threshold)
[2020-11-06T15:51:33.338+0000][gc,task       ] GC(3) Using 8 workers of 8 for evacuation
[2020-11-06T15:51:33.342+0000][gc,phases     ] GC(3)   Pre Evacuate Collection Set: 0.1ms
[2020-11-06T15:51:33.343+0000][gc,phases     ] GC(3)   Evacuate Collection Set: 4.0ms
[2020-11-06T15:51:33.343+0000][gc,phases     ] GC(3)   Post Evacuate Collection Set: 0.2ms
[2020-11-06T15:51:33.343+0000][gc,phases     ] GC(3)   Other: 0.4ms
[2020-11-06T15:51:33.343+0000][gc,heap       ] GC(3) Eden regions: 28->0(47)
[2020-11-06T15:51:33.343+0000][gc,heap       ] GC(3) Survivor regions: 2->4(7)
[2020-11-06T15:51:33.343+0000][gc,heap       ] GC(3) Old regions: 7->7
[2020-11-06T15:51:33.343+0000][gc,heap       ] GC(3) Humongous regions: 129->129
[2020-11-06T15:51:33.343+0000][gc,metaspace  ] GC(3) Metaspace: 34683K->34683K(1081344K)
[2020-11-06T15:51:33.343+0000][gc            ] GC(3) Pause Young (Concurrent Start) (Metadata GC Threshold) 164M->138M(1024M) 4.857ms
[2020-11-06T15:51:33.343+0000][gc,cpu        ] GC(3) User=0.03s Sys=0.00s Real=0.01s
[2020-11-06T15:51:33.343+0000][gc            ] GC(4) Concurrent Cycle
[2020-11-06T15:51:33.343+0000][gc,marking    ] GC(4) Concurrent Clear Claimed Marks
[2020-11-06T15:51:33.343+0000][gc,marking    ] GC(4) Concurrent Clear Claimed Marks 0.026ms
[2020-11-06T15:51:33.343+0000][gc,marking    ] GC(4) Concurrent Scan Root Regions
[2020-11-06T15:51:33.345+0000][gc,marking    ] GC(4) Concurrent Scan Root Regions 2.047ms
[2020-11-06T15:51:33.345+0000][gc,marking    ] GC(4) Concurrent Mark (3.778s)
[2020-11-06T15:51:33.345+0000][gc,marking    ] GC(4) Concurrent Mark From Roots
[2020-11-06T15:51:33.345+0000][gc,task       ] GC(4) Using 2 workers of 2 for marking
[2020-11-06T15:51:33.354+0000][gc,marking    ] GC(4) Concurrent Mark From Roots 9.243ms
[2020-11-06T15:51:33.354+0000][gc,marking    ] GC(4) Concurrent Preclean
[2020-11-06T15:51:33.354+0000][gc,marking    ] GC(4) Concurrent Preclean 0.171ms
[2020-11-06T15:51:33.354+0000][gc,marking    ] GC(4) Concurrent Mark (3.778s, 3.788s) 9.613ms
[2020-11-06T15:51:33.355+0000][gc,start      ] GC(4) Pause Remark
[2020-11-06T15:51:33.358+0000][gc,stringtable] GC(4) Cleaned string and symbol table, strings: 11262 processed, 7 removed, symbols: 95070 processed, 17 removed
[2020-11-06T15:51:33.358+0000][gc            ] GC(4) Pause Remark 139M->139M(1024M) 3.220ms
[2020-11-06T15:51:33.358+0000][gc,cpu        ] GC(4) User=0.01s Sys=0.00s Real=0.00s
[2020-11-06T15:51:33.358+0000][gc,marking    ] GC(4) Concurrent Rebuild Remembered Sets
[2020-11-06T15:51:33.362+0000][gc,marking    ] GC(4) Concurrent Rebuild Remembered Sets 4.348ms
[2020-11-06T15:51:33.363+0000][gc,start      ] GC(4) Pause Cleanup
[2020-11-06T15:51:33.363+0000][gc            ] GC(4) Pause Cleanup 139M->139M(1024M) 0.230ms
[2020-11-06T15:51:33.363+0000][gc,cpu        ] GC(4) User=0.00s Sys=0.00s Real=0.00s
[2020-11-06T15:51:33.363+0000][gc,marking    ] GC(4) Concurrent Cleanup for Next Mark
[2020-11-06T15:51:33.374+0000][gc,marking    ] GC(4) Concurrent Cleanup for Next Mark 11.545ms
[2020-11-06T15:51:33.375+0000][gc            ] GC(4) Concurrent Cycle 31.896ms
[2020-11-06T15:51:34.483+0000][gc,start      ] GC(5) Pause Young (Normal) (G1 Evacuation Pause)
[2020-11-06T15:51:34.483+0000][gc,task       ] GC(5) Using 8 workers of 8 for evacuation
[2020-11-06T15:51:34.491+0000][gc,phases     ] GC(5)   Pre Evacuate Collection Set: 0.0ms
[2020-11-06T15:51:34.491+0000][gc,phases     ] GC(5)   Evacuate Collection Set: 6.6ms
[2020-11-06T15:51:34.491+0000][gc,phases     ] GC(5)   Post Evacuate Collection Set: 0.6ms
[2020-11-06T15:51:34.491+0000][gc,phases     ] GC(5)   Other: 0.3ms
[2020-11-06T15:51:34.491+0000][gc,heap       ] GC(5) Eden regions: 47->0(44)
[2020-11-06T15:51:34.491+0000][gc,heap       ] GC(5) Survivor regions: 4->7(7)
[2020-11-06T15:51:34.491+0000][gc,heap       ] GC(5) Old regions: 7->7
[2020-11-06T15:51:34.491+0000][gc,heap       ] GC(5) Humongous regions: 141->135
[2020-11-06T15:51:34.491+0000][gc,metaspace  ] GC(5) Metaspace: 43276K->43276K(1089536K)
[2020-11-06T15:51:34.491+0000][gc            ] GC(5) Pause Young (Normal) (G1 Evacuation Pause) 197M->148M(1024M) 7.656ms
[2020-11-06T15:51:34.491+0000][gc,cpu        ] GC(5) User=0.03s Sys=0.01s Real=0.01s
[2020-11-06T15:57:42.729+0000][gc,start      ] GC(6) Pause Young (Normal) (G1 Evacuation Pause)
[2020-11-06T15:57:42.729+0000][gc,task       ] GC(6) Using 8 workers of 8 for evacuation
[2020-11-06T15:57:42.737+0000][gc,phases     ] GC(6)   Pre Evacuate Collection Set: 0.0ms
[2020-11-06T15:57:42.737+0000][gc,phases     ] GC(6)   Evacuate Collection Set: 6.1ms
[2020-11-06T15:57:42.737+0000][gc,phases     ] GC(6)   Post Evacuate Collection Set: 1.0ms
[2020-11-06T15:57:42.737+0000][gc,phases     ] GC(6)   Other: 0.2ms
[2020-11-06T15:57:42.737+0000][gc,heap       ] GC(6) Eden regions: 44->0(47)
[2020-11-06T15:57:42.737+0000][gc,heap       ] GC(6) Survivor regions: 7->4(7)
[2020-11-06T15:57:42.737+0000][gc,heap       ] GC(6) Old regions: 7->13
[2020-11-06T15:57:42.737+0000][gc,heap       ] GC(6) Humongous regions: 189->129
[2020-11-06T15:57:42.737+0000][gc,metaspace  ] GC(6) Metaspace: 47348K->47348K(1091584K)
[2020-11-06T15:57:42.737+0000][gc            ] GC(6) Pause Young (Normal) (G1 Evacuation Pause) 246M->144M(1024M) 7.372ms
[2020-11-06T15:57:42.737+0000][gc,cpu        ] GC(6) User=0.04s Sys=0.01s Real=0.01s
[2020-11-06T16:15:58.224+0000][gc,start      ] GC(7) Pause Young (Normal) (G1 Evacuation Pause)
[2020-11-06T16:15:58.224+0000][gc,task       ] GC(7) Using 8 workers of 8 for evacuation
[2020-11-06T16:15:58.240+0000][gc,phases     ] GC(7)   Pre Evacuate Collection Set: 0.8ms
[2020-11-06T16:15:58.240+0000][gc,phases     ] GC(7)   Evacuate Collection Set: 12.7ms
[2020-11-06T16:15:58.240+0000][gc,phases     ] GC(7)   Post Evacuate Collection Set: 1.2ms
[2020-11-06T16:15:58.240+0000][gc,phases     ] GC(7)   Other: 1.0ms
[2020-11-06T16:15:58.240+0000][gc,heap       ] GC(7) Eden regions: 47->0(48)
[2020-11-06T16:15:58.240+0000][gc,heap       ] GC(7) Survivor regions: 4->3(7)
[2020-11-06T16:15:58.240+0000][gc,heap       ] GC(7) Old regions: 13->13
[2020-11-06T16:15:58.240+0000][gc,heap       ] GC(7) Humongous regions: 129->129
[2020-11-06T16:15:58.240+0000][gc,metaspace  ] GC(7) Metaspace: 48274K->48274K(1093632K)
[2020-11-06T16:15:58.240+0000][gc            ] GC(7) Pause Young (Normal) (G1 Evacuation Pause) 191M->144M(1024M) 15.905ms
[2020-11-06T16:15:58.240+0000][gc,cpu        ] GC(7) User=0.03s Sys=0.05s Real=0.02s
[2020-11-06T16:42:02.829+0000][gc,start      ] GC(8) Pause Young (Normal) (G1 Evacuation Pause)
[2020-11-06T16:42:02.830+0000][gc,task       ] GC(8) Using 8 workers of 8 for evacuation
[2020-11-06T16:42:02.844+0000][gc,phases     ] GC(8)   Pre Evacuate Collection Set: 1.1ms
[2020-11-06T16:42:02.844+0000][gc,phases     ] GC(8)   Evacuate Collection Set: 11.6ms
[2020-11-06T16:42:02.844+0000][gc,phases     ] GC(8)   Post Evacuate Collection Set: 1.1ms
[2020-11-06T16:42:02.844+0000][gc,phases     ] GC(8)   Other: 1.1ms
[2020-11-06T16:42:02.844+0000][gc,heap       ] GC(8) Eden regions: 48->0(48)
[2020-11-06T16:42:02.844+0000][gc,heap       ] GC(8) Survivor regions: 3->3(7)
[2020-11-06T16:42:02.844+0000][gc,heap       ] GC(8) Old regions: 13->13
[2020-11-06T16:42:02.844+0000][gc,heap       ] GC(8) Humongous regions: 129->129
[2020-11-06T16:42:02.844+0000][gc,metaspace  ] GC(8) Metaspace: 48400K->48400K(1093632K)
[2020-11-06T16:42:02.844+0000][gc            ] GC(8) Pause Young (Normal) (G1 Evacuation Pause) 192M->144M(1024M) 14.910ms
[2020-11-06T16:42:02.844+0000][gc,cpu        ] GC(8) User=0.03s Sys=0.04s Real=0.02s
