[2020-11-10 18:01:37,861] ERROR Failed to access checkpoint file cleaner-offset-checkpoint in dir /tmp/kafka-logs (kafka.log.LogCleaner)
org.apache.kafka.common.errors.KafkaStorageException: Error while reading checkpoint file /tmp/kafka-logs/cleaner-offset-checkpoint
Caused by: java.nio.file.NoSuchFileException: /tmp/kafka-logs/cleaner-offset-checkpoint
	at java.base/sun.nio.fs.UnixException.translateToIOException(UnixException.java:92)
	at java.base/sun.nio.fs.UnixException.rethrowAsIOException(UnixException.java:111)
	at java.base/sun.nio.fs.UnixException.rethrowAsIOException(UnixException.java:116)
	at java.base/sun.nio.fs.UnixFileSystemProvider.newByteChannel(UnixFileSystemProvider.java:219)
	at java.base/java.nio.file.Files.newByteChannel(Files.java:370)
	at java.base/java.nio.file.Files.newByteChannel(Files.java:421)
	at java.base/java.nio.file.spi.FileSystemProvider.newInputStream(FileSystemProvider.java:420)
	at java.base/java.nio.file.Files.newInputStream(Files.java:155)
	at java.base/java.nio.file.Files.newBufferedReader(Files.java:2838)
	at java.base/java.nio.file.Files.newBufferedReader(Files.java:2870)
	at kafka.server.checkpoints.CheckpointFile.liftedTree2$1(CheckpointFile.scala:127)
	at kafka.server.checkpoints.CheckpointFile.read(CheckpointFile.scala:126)
	at kafka.server.checkpoints.OffsetCheckpointFile.read(OffsetCheckpointFile.scala:61)
	at kafka.log.LogCleanerManager.$anonfun$allCleanerCheckpoints$2(LogCleanerManager.scala:134)
	at scala.collection.Iterator$$anon$10.nextCur(Iterator.scala:585)
	at scala.collection.Iterator$$anon$10.hasNext(Iterator.scala:599)
	at scala.collection.immutable.List.prependedAll(List.scala:152)
	at scala.collection.immutable.List$.from(List.scala:651)
	at scala.collection.immutable.List$.from(List.scala:648)
	at scala.collection.IterableFactory$Delegate.from(Factory.scala:288)
	at scala.collection.immutable.Iterable$.from(Iterable.scala:35)
	at scala.collection.immutable.Iterable$.from(Iterable.scala:32)
	at scala.collection.IterableFactory$Delegate.from(Factory.scala:288)
	at scala.collection.IterableOps.flatMap(Iterable.scala:673)
	at scala.collection.IterableOps.flatMap$(Iterable.scala:673)
	at scala.collection.AbstractIterable.flatMap(Iterable.scala:920)
	at kafka.log.LogCleanerManager.$anonfun$allCleanerCheckpoints$1(LogCleanerManager.scala:132)
	at kafka.log.LogCleanerManager.allCleanerCheckpoints(LogCleanerManager.scala:140)
	at kafka.log.LogCleanerManager.$anonfun$grabFilthiestCompactedLog$1(LogCleanerManager.scala:171)
	at kafka.log.LogCleanerManager.grabFilthiestCompactedLog(LogCleanerManager.scala:168)
	at kafka.log.LogCleaner$CleanerThread.cleanFilthiestLog(LogCleaner.scala:338)
	at kafka.log.LogCleaner$CleanerThread.tryCleanFilthiestLog(LogCleaner.scala:325)
	at kafka.log.LogCleaner$CleanerThread.doWork(LogCleaner.scala:314)
	at kafka.utils.ShutdownableThread.run(ShutdownableThread.scala:96)
